<?xml version="1.0" encoding="UTF-8"?>
<testng-results ignored="2" total="3" passed="0" failed="1" skipped="0">
  <reporter-output>
  </reporter-output>
  <suite started-at="2023-08-29T21:00:17 IST" name="Default suite" finished-at="2023-08-29T21:01:13 IST" duration-ms="55354">
    <groups>
      <group name="regression">
        <method signature="AptoideAppTests.installAmazonFireTvAppTest()[pri:1, instance:simplilearn.appiumassignment.AptoideAppTests@66f57048]" name="installAmazonFireTvAppTest" class="simplilearn.appiumassignment.AptoideAppTests"/>
      </group> <!-- regression -->
      <group name="smoke">
        <method signature="AptoideAppTests.installAmazonFireTvAppTest()[pri:1, instance:simplilearn.appiumassignment.AptoideAppTests@66f57048]" name="installAmazonFireTvAppTest" class="simplilearn.appiumassignment.AptoideAppTests"/>
      </group> <!-- smoke -->
    </groups>
    <test started-at="2023-08-29T21:00:17 IST" name="Default test" finished-at="2023-08-29T21:01:13 IST" duration-ms="55354">
      <class name="simplilearn.appiumassignment.AptoideAppTests">
        <test-method is-config="true" signature="setupAppiumDriver()[pri:0, instance:simplilearn.appiumassignment.AptoideAppTests@66f57048]" started-at="2023-08-29T21:00:17 IST" name="setupAppiumDriver" finished-at="2023-08-29T21:00:30 IST" duration-ms="12495" status="PASS">
          <reporter-output>
          </reporter-output>
        </test-method> <!-- setupAppiumDriver -->
        <test-method signature="installAmazonFireTvAppTest()[pri:1, instance:simplilearn.appiumassignment.AptoideAppTests@66f57048]" started-at="2023-08-29T21:00:30 IST" name="installAmazonFireTvAppTest" description="verify install firetv app" finished-at="2023-08-29T21:01:09 IST" duration-ms="39707" status="FAIL">
          <exception class="org.openqa.selenium.NoSuchElementException">
            <message>
              <![CDATA[An element could not be located on the page using the given search parameters.
For documentation on this error, please visit: https://www.seleniumhq.org/exceptions/no_such_element.html
Build info: version: '3.141.59', revision: 'e82be7d358', time: '2018-11-14T08:17:03'
System info: host: 'SHRUTHIMANJESH', ip: '10.0.0.10', os.name: 'Windows 10', os.arch: 'amd64', os.version: '10.0', java.version: '11.0.17'
Driver info: io.appium.java_client.android.AndroidDriver
Capabilities {app: C:\Shruthi\AppiumMobieTesti..., appPackage: cm.aptoide.pt, databaseEnabled: false, desired: {app: C:\Shruthi\AppiumMobieTesti..., deviceName: emulator-5554, platformName: android, platformVersion: 10.0}, deviceApiLevel: 29, deviceManufacturer: Google, deviceModel: Android SDK built for x86, deviceName: emulator-5554, deviceScreenDensity: 560, deviceScreenSize: 1440x2960, deviceUDID: emulator-5554, javascriptEnabled: true, locationContextEnabled: false, networkConnectionEnabled: true, pixelRatio: 3.5, platform: LINUX, platformName: Android, platformVersion: 10, statBarHeight: 171, takesScreenshot: true, viewportRect: {height: 2450, left: 0, top: 171, width: 1440}, warnings: {}, webStorageEnabled: false}
Session ID: 34e26e88-3629-4f5b-b8e2-9ea3164ebf31
*** Element info: {Using=id, value=android:id/button1}]]>
            </message>
            <full-stacktrace>
              <![CDATA[org.openqa.selenium.NoSuchElementException: An element could not be located on the page using the given search parameters.
For documentation on this error, please visit: https://www.seleniumhq.org/exceptions/no_such_element.html
Build info: version: '3.141.59', revision: 'e82be7d358', time: '2018-11-14T08:17:03'
System info: host: 'SHRUTHIMANJESH', ip: '10.0.0.10', os.name: 'Windows 10', os.arch: 'amd64', os.version: '10.0', java.version: '11.0.17'
Driver info: io.appium.java_client.android.AndroidDriver
Capabilities {app: C:\Shruthi\AppiumMobieTesti..., appPackage: cm.aptoide.pt, databaseEnabled: false, desired: {app: C:\Shruthi\AppiumMobieTesti..., deviceName: emulator-5554, platformName: android, platformVersion: 10.0}, deviceApiLevel: 29, deviceManufacturer: Google, deviceModel: Android SDK built for x86, deviceName: emulator-5554, deviceScreenDensity: 560, deviceScreenSize: 1440x2960, deviceUDID: emulator-5554, javascriptEnabled: true, locationContextEnabled: false, networkConnectionEnabled: true, pixelRatio: 3.5, platform: LINUX, platformName: Android, platformVersion: 10, statBarHeight: 171, takesScreenshot: true, viewportRect: {height: 2450, left: 0, top: 171, width: 1440}, warnings: {}, webStorageEnabled: false}
Session ID: 34e26e88-3629-4f5b-b8e2-9ea3164ebf31
*** Element info: {Using=id, value=android:id/button1}
at java.base/jdk.internal.reflect.NativeConstructorAccessorImpl.newInstance0(Native Method)
at java.base/jdk.internal.reflect.NativeConstructorAccessorImpl.newInstance(NativeConstructorAccessorImpl.java:62)
at java.base/jdk.internal.reflect.DelegatingConstructorAccessorImpl.newInstance(DelegatingConstructorAccessorImpl.java:45)
at java.base/java.lang.reflect.Constructor.newInstance(Constructor.java:490)
at org.openqa.selenium.remote.http.W3CHttpResponseCodec.createException(W3CHttpResponseCodec.java:187)
at org.openqa.selenium.remote.http.W3CHttpResponseCodec.decode(W3CHttpResponseCodec.java:122)
at org.openqa.selenium.remote.http.W3CHttpResponseCodec.decode(W3CHttpResponseCodec.java:49)
at org.openqa.selenium.remote.HttpCommandExecutor.execute(HttpCommandExecutor.java:158)
at io.appium.java_client.remote.AppiumCommandExecutor.execute(AppiumCommandExecutor.java:239)
at org.openqa.selenium.remote.RemoteWebDriver.execute(RemoteWebDriver.java:552)
at io.appium.java_client.DefaultGenericMobileDriver.execute(DefaultGenericMobileDriver.java:41)
at io.appium.java_client.AppiumDriver.execute(AppiumDriver.java:1)
at io.appium.java_client.android.AndroidDriver.execute(AndroidDriver.java:1)
at org.openqa.selenium.remote.RemoteWebDriver.findElement(RemoteWebDriver.java:323)
at io.appium.java_client.DefaultGenericMobileDriver.findElement(DefaultGenericMobileDriver.java:61)
at io.appium.java_client.AppiumDriver.findElement(AppiumDriver.java:1)
at io.appium.java_client.android.AndroidDriver.findElement(AndroidDriver.java:1)
at org.openqa.selenium.remote.RemoteWebDriver.findElementById(RemoteWebDriver.java:372)
at io.appium.java_client.DefaultGenericMobileDriver.findElementById(DefaultGenericMobileDriver.java:69)
at io.appium.java_client.AppiumDriver.findElementById(AppiumDriver.java:1)
at io.appium.java_client.android.AndroidDriver.findElementById(AndroidDriver.java:1)
at org.openqa.selenium.By$ById.findElement(By.java:188)
at org.openqa.selenium.remote.RemoteWebDriver.findElement(RemoteWebDriver.java:315)
at io.appium.java_client.DefaultGenericMobileDriver.findElement(DefaultGenericMobileDriver.java:57)
at io.appium.java_client.AppiumDriver.findElement(AppiumDriver.java:1)
at io.appium.java_client.android.AndroidDriver.findElement(AndroidDriver.java:1)
at appPages.Basepage.clickMobileElement(Basepage.java:33)
at appPages.InstallFireTvPage.InstallFireTv(InstallFireTvPage.java:38)
at simplilearn.appiumassignment.AptoideAppTests.installAmazonFireTvAppTest(AptoideAppTests.java:23)
at java.base/jdk.internal.reflect.NativeMethodAccessorImpl.invoke0(Native Method)
at java.base/jdk.internal.reflect.NativeMethodAccessorImpl.invoke(NativeMethodAccessorImpl.java:62)
at java.base/jdk.internal.reflect.DelegatingMethodAccessorImpl.invoke(DelegatingMethodAccessorImpl.java:43)
at java.base/java.lang.reflect.Method.invoke(Method.java:566)
at org.testng.internal.MethodInvocationHelper.invokeMethod(MethodInvocationHelper.java:134)
at org.testng.internal.TestInvoker.invokeMethod(TestInvoker.java:597)
at org.testng.internal.TestInvoker.invokeTestMethod(TestInvoker.java:173)
at org.testng.internal.MethodRunner.runInSequence(MethodRunner.java:46)
at org.testng.internal.TestInvoker$MethodInvocationAgent.invoke(TestInvoker.java:816)
at org.testng.internal.TestInvoker.invokeTestMethods(TestInvoker.java:146)
at org.testng.internal.TestMethodWorker.invokeTestMethods(TestMethodWorker.java:146)
at org.testng.internal.TestMethodWorker.run(TestMethodWorker.java:128)
at java.base/java.util.ArrayList.forEach(ArrayList.java:1541)
at org.testng.TestRunner.privateRun(TestRunner.java:766)
at org.testng.TestRunner.run(TestRunner.java:587)
at org.testng.SuiteRunner.runTest(SuiteRunner.java:384)
at org.testng.SuiteRunner.runSequentially(SuiteRunner.java:378)
at org.testng.SuiteRunner.privateRun(SuiteRunner.java:337)
at org.testng.SuiteRunner.run(SuiteRunner.java:286)
at org.testng.SuiteRunnerWorker.runSuite(SuiteRunnerWorker.java:53)
at org.testng.SuiteRunnerWorker.run(SuiteRunnerWorker.java:96)
at org.testng.TestNG.runSuitesSequentially(TestNG.java:1187)
at org.testng.TestNG.runSuitesLocally(TestNG.java:1109)
at org.testng.TestNG.runSuites(TestNG.java:1039)
at org.testng.TestNG.run(TestNG.java:1007)
at org.testng.remote.AbstractRemoteTestNG.run(AbstractRemoteTestNG.java:115)
at org.testng.remote.RemoteTestNG.initAndRun(RemoteTestNG.java:251)
at org.testng.remote.RemoteTestNG.main(RemoteTestNG.java:77)
]]>
            </full-stacktrace>
          </exception> <!-- org.openqa.selenium.NoSuchElementException -->
          <reporter-output>
          </reporter-output>
        </test-method> <!-- installAmazonFireTvAppTest -->
        <test-method is-config="true" signature="tearDown(org.testng.ITestResult, org.testng.ITestContext)[pri:0, instance:simplilearn.appiumassignment.AptoideAppTests@66f57048]" started-at="2023-08-29T21:01:09 IST" name="tearDown" finished-at="2023-08-29T21:01:13 IST" duration-ms="3109" status="PASS">
          <params>
            <param index="0">
              <value>
                <![CDATA[[TestResult name=installAmazonFireTvAppTest status=FAILURE method=AptoideAppTests.installAmazonFireTvAppTest()[pri:1, instance:simplilearn.appiumassignment.AptoideAppTests@66f57048] output={null}]]]>
              </value>
            </param>
            <param index="1">
              <value>
                <![CDATA[org.testng.TestRunner@597f48df]]>
              </value>
            </param>
          </params>
          <reporter-output>
          </reporter-output>
        </test-method> <!-- tearDown -->
      </class> <!-- simplilearn.appiumassignment.AptoideAppTests -->
    </test> <!-- Default test -->
  </suite> <!-- Default suite -->
</testng-results>
